INFO: <2023-07-21 11:43>  2048
INFO: <2023-07-21 11:43>  Running get_stm_build([('self', <sai_engine.lib.web_scraper_bs4.webScraper object at 0x7f3b28be9f00>), ('stm_version', '8_0_1'), ('script_name', 'alarms'), ('job_build_num', 14), ('log_file_path', '')])
INFO: <2023-07-21 11:43>  Running get_page_url([('self', <sai_engine.lib.scraper_utilities.webScraper_utilities object at 0x7f3b28be9ab0>), ('stm_version', '8_0_1'), ('script_name', 'alarms'), ('job_build_num', '14')])
INFO: <2023-07-21 11:43>  Validating script name alarms
INFO: <2023-07-21 11:43>  Running validate_script([('self', <sai_engine.lib.scraper_utilities.webScraper_utilities object at 0x7f3b28be9ab0>), ('stm_ver', '8_0_1'), ('script_name', 'alarms')])
INFO: <2023-07-21 11:43>  Page Url : /home/amith/sailytics/production_server/sailytics-django/sai_engine/jenkins_logs/8_0_1/14/log_alarms.html
INFO: <2023-07-21 11:43>  Running validate_log_file([('self', <sai_engine.lib.scraper_utilities.webScraper_utilities object at 0x7f3b28be9ab0>), ('full_path', '/home/amith/sailytics/production_server/sailytics-django/sai_engine/jenkins_logs/8_0_1/14/log_alarms.html')])
INFO: <2023-07-21 11:43>  Running check_file_exists([('self', <sai_engine.lib.scraper_utilities.webScraper_utilities object at 0x7f3b28be9ab0>), ('full_path', '/home/amith/sailytics/production_server/sailytics-django/sai_engine/jenkins_logs/8_0_1/14/log_alarms.html')])
ERROR: <2023-07-21 11:43>  Log file , /home/amith/sailytics/production_server/sailytics-django/sai_engine/jenkins_logs/8_0_1/14/log_alarms.html does not exist. Please recheck if file is downloaded
INFO: <2023-07-21 11:43>  Turns out the file [/home/amith/sailytics/production_server/sailytics-django/sai_engine/jenkins_logs/8_0_1/14/log_alarms.html]does not exist...Downloading the files
INFO: <2023-07-21 11:43>  2048
INFO: <2023-07-21 11:43>  Running get_stm_build([('self', <sai_engine.lib.web_scraper_bs4.webScraper object at 0x7f3b28be9f00>), ('stm_version', '8_0_1'), ('script_name', 'alarms'), ('job_build_num', 15), ('log_file_path', '')])
INFO: <2023-07-21 11:43>  Running get_page_url([('self', <sai_engine.lib.scraper_utilities.webScraper_utilities object at 0x7f3b28be9ab0>), ('stm_version', '8_0_1'), ('script_name', 'alarms'), ('job_build_num', '15')])
INFO: <2023-07-21 11:43>  Validating script name alarms
INFO: <2023-07-21 11:43>  Running validate_script([('self', <sai_engine.lib.scraper_utilities.webScraper_utilities object at 0x7f3b28be9ab0>), ('stm_ver', '8_0_1'), ('script_name', 'alarms')])
INFO: <2023-07-21 11:43>  Page Url : /home/amith/sailytics/production_server/sailytics-django/sai_engine/jenkins_logs/8_0_1/15/log_alarms.html
INFO: <2023-07-21 11:43>  Running validate_log_file([('self', <sai_engine.lib.scraper_utilities.webScraper_utilities object at 0x7f3b28be9ab0>), ('full_path', '/home/amith/sailytics/production_server/sailytics-django/sai_engine/jenkins_logs/8_0_1/15/log_alarms.html')])
INFO: <2023-07-21 11:43>  Running check_file_exists([('self', <sai_engine.lib.scraper_utilities.webScraper_utilities object at 0x7f3b28be9ab0>), ('full_path', '/home/amith/sailytics/production_server/sailytics-django/sai_engine/jenkins_logs/8_0_1/15/log_alarms.html')])
ERROR: <2023-07-21 11:43>  Log file , /home/amith/sailytics/production_server/sailytics-django/sai_engine/jenkins_logs/8_0_1/15/log_alarms.html does not exist. Please recheck if file is downloaded
INFO: <2023-07-21 11:43>  Turns out the file [/home/amith/sailytics/production_server/sailytics-django/sai_engine/jenkins_logs/8_0_1/15/log_alarms.html]does not exist...Downloading the files
INFO: <2023-07-21 11:43>  2048
INFO: <2023-07-21 11:43>  Running get_stm_build([('self', <sai_engine.lib.web_scraper_bs4.webScraper object at 0x7f3b28be9f00>), ('stm_version', '8_0_1'), ('script_name', 'alarms'), ('job_build_num', 16), ('log_file_path', '')])
INFO: <2023-07-21 11:43>  Running get_page_url([('self', <sai_engine.lib.scraper_utilities.webScraper_utilities object at 0x7f3b28be9ab0>), ('stm_version', '8_0_1'), ('script_name', 'alarms'), ('job_build_num', '16')])
INFO: <2023-07-21 11:43>  Validating script name alarms
INFO: <2023-07-21 11:43>  Running validate_script([('self', <sai_engine.lib.scraper_utilities.webScraper_utilities object at 0x7f3b28be9ab0>), ('stm_ver', '8_0_1'), ('script_name', 'alarms')])
INFO: <2023-07-21 11:43>  Page Url : /home/amith/sailytics/production_server/sailytics-django/sai_engine/jenkins_logs/8_0_1/16/log_alarms.html
INFO: <2023-07-21 11:43>  Running validate_log_file([('self', <sai_engine.lib.scraper_utilities.webScraper_utilities object at 0x7f3b28be9ab0>), ('full_path', '/home/amith/sailytics/production_server/sailytics-django/sai_engine/jenkins_logs/8_0_1/16/log_alarms.html')])
INFO: <2023-07-21 11:43>  Running check_file_exists([('self', <sai_engine.lib.scraper_utilities.webScraper_utilities object at 0x7f3b28be9ab0>), ('full_path', '/home/amith/sailytics/production_server/sailytics-django/sai_engine/jenkins_logs/8_0_1/16/log_alarms.html')])
ERROR: <2023-07-21 11:43>  Log file , /home/amith/sailytics/production_server/sailytics-django/sai_engine/jenkins_logs/8_0_1/16/log_alarms.html does not exist. Please recheck if file is downloaded
INFO: <2023-07-21 11:43>  Turns out the file [/home/amith/sailytics/production_server/sailytics-django/sai_engine/jenkins_logs/8_0_1/16/log_alarms.html]does not exist...Downloading the files
INFO: <2023-07-21 11:43>  2048
INFO: <2023-07-21 11:43>  Running get_stm_build([('self', <sai_engine.lib.web_scraper_bs4.webScraper object at 0x7f3b28be9f00>), ('stm_version', '8_0_1'), ('script_name', 'alarms'), ('job_build_num', 17), ('log_file_path', '')])
INFO: <2023-07-21 11:43>  Running get_page_url([('self', <sai_engine.lib.scraper_utilities.webScraper_utilities object at 0x7f3b28be9ab0>), ('stm_version', '8_0_1'), ('script_name', 'alarms'), ('job_build_num', '17')])
INFO: <2023-07-21 11:43>  Validating script name alarms
INFO: <2023-07-21 11:43>  Running validate_script([('self', <sai_engine.lib.scraper_utilities.webScraper_utilities object at 0x7f3b28be9ab0>), ('stm_ver', '8_0_1'), ('script_name', 'alarms')])
INFO: <2023-07-21 11:43>  Page Url : /home/amith/sailytics/production_server/sailytics-django/sai_engine/jenkins_logs/8_0_1/17/log_alarms.html
INFO: <2023-07-21 11:43>  Running validate_log_file([('self', <sai_engine.lib.scraper_utilities.webScraper_utilities object at 0x7f3b28be9ab0>), ('full_path', '/home/amith/sailytics/production_server/sailytics-django/sai_engine/jenkins_logs/8_0_1/17/log_alarms.html')])
INFO: <2023-07-21 11:43>  Running check_file_exists([('self', <sai_engine.lib.scraper_utilities.webScraper_utilities object at 0x7f3b28be9ab0>), ('full_path', '/home/amith/sailytics/production_server/sailytics-django/sai_engine/jenkins_logs/8_0_1/17/log_alarms.html')])
ERROR: <2023-07-21 11:43>  Log file , /home/amith/sailytics/production_server/sailytics-django/sai_engine/jenkins_logs/8_0_1/17/log_alarms.html does not exist. Please recheck if file is downloaded
INFO: <2023-07-21 11:43>  Turns out the file [/home/amith/sailytics/production_server/sailytics-django/sai_engine/jenkins_logs/8_0_1/17/log_alarms.html]does not exist...Downloading the files
INFO: <2023-07-21 11:43>  2048
INFO: <2023-07-21 11:43>  Running get_stm_build([('self', <sai_engine.lib.web_scraper_bs4.webScraper object at 0x7f3b28be9f00>), ('stm_version', '8_0_1'), ('script_name', 'alarms'), ('job_build_num', 18), ('log_file_path', '')])
INFO: <2023-07-21 11:43>  Running get_page_url([('self', <sai_engine.lib.scraper_utilities.webScraper_utilities object at 0x7f3b28be9ab0>), ('stm_version', '8_0_1'), ('script_name', 'alarms'), ('job_build_num', '18')])
INFO: <2023-07-21 11:43>  Validating script name alarms
INFO: <2023-07-21 11:43>  Running validate_script([('self', <sai_engine.lib.scraper_utilities.webScraper_utilities object at 0x7f3b28be9ab0>), ('stm_ver', '8_0_1'), ('script_name', 'alarms')])
INFO: <2023-07-21 11:43>  Page Url : /home/amith/sailytics/production_server/sailytics-django/sai_engine/jenkins_logs/8_0_1/18/log_alarms.html
INFO: <2023-07-21 11:43>  Running validate_log_file([('self', <sai_engine.lib.scraper_utilities.webScraper_utilities object at 0x7f3b28be9ab0>), ('full_path', '/home/amith/sailytics/production_server/sailytics-django/sai_engine/jenkins_logs/8_0_1/18/log_alarms.html')])
INFO: <2023-07-21 11:43>  Running check_file_exists([('self', <sai_engine.lib.scraper_utilities.webScraper_utilities object at 0x7f3b28be9ab0>), ('full_path', '/home/amith/sailytics/production_server/sailytics-django/sai_engine/jenkins_logs/8_0_1/18/log_alarms.html')])
ERROR: <2023-07-21 11:43>  Log file , /home/amith/sailytics/production_server/sailytics-django/sai_engine/jenkins_logs/8_0_1/18/log_alarms.html does not exist. Please recheck if file is downloaded
INFO: <2023-07-21 11:43>  Turns out the file [/home/amith/sailytics/production_server/sailytics-django/sai_engine/jenkins_logs/8_0_1/18/log_alarms.html]does not exist...Downloading the files
INFO: <2023-07-21 11:43>  2048
INFO: <2023-07-21 11:43>  Running get_stm_build([('self', <sai_engine.lib.web_scraper_bs4.webScraper object at 0x7f3b28be9f00>), ('stm_version', '8_0_1'), ('script_name', 'alarms'), ('job_build_num', 19), ('log_file_path', '')])
INFO: <2023-07-21 11:43>  Running get_page_url([('self', <sai_engine.lib.scraper_utilities.webScraper_utilities object at 0x7f3b28be9ab0>), ('stm_version', '8_0_1'), ('script_name', 'alarms'), ('job_build_num', '19')])
INFO: <2023-07-21 11:43>  Validating script name alarms
INFO: <2023-07-21 11:43>  Running validate_script([('self', <sai_engine.lib.scraper_utilities.webScraper_utilities object at 0x7f3b28be9ab0>), ('stm_ver', '8_0_1'), ('script_name', 'alarms')])
INFO: <2023-07-21 11:43>  Page Url : /home/amith/sailytics/production_server/sailytics-django/sai_engine/jenkins_logs/8_0_1/19/log_alarms.html
INFO: <2023-07-21 11:43>  Running validate_log_file([('self', <sai_engine.lib.scraper_utilities.webScraper_utilities object at 0x7f3b28be9ab0>), ('full_path', '/home/amith/sailytics/production_server/sailytics-django/sai_engine/jenkins_logs/8_0_1/19/log_alarms.html')])
INFO: <2023-07-21 11:43>  Running check_file_exists([('self', <sai_engine.lib.scraper_utilities.webScraper_utilities object at 0x7f3b28be9ab0>), ('full_path', '/home/amith/sailytics/production_server/sailytics-django/sai_engine/jenkins_logs/8_0_1/19/log_alarms.html')])
ERROR: <2023-07-21 11:43>  Log file , /home/amith/sailytics/production_server/sailytics-django/sai_engine/jenkins_logs/8_0_1/19/log_alarms.html does not exist. Please recheck if file is downloaded
INFO: <2023-07-21 11:43>  Turns out the file [/home/amith/sailytics/production_server/sailytics-django/sai_engine/jenkins_logs/8_0_1/19/log_alarms.html]does not exist...Downloading the files
INFO: <2023-07-21 11:43>  2048
INFO: <2023-07-21 11:43>  Running get_stm_build([('self', <sai_engine.lib.web_scraper_bs4.webScraper object at 0x7f3b28be9f00>), ('stm_version', '8_0_1'), ('script_name', 'alarms'), ('job_build_num', 20), ('log_file_path', '')])
INFO: <2023-07-21 11:43>  Running get_page_url([('self', <sai_engine.lib.scraper_utilities.webScraper_utilities object at 0x7f3b28be9ab0>), ('stm_version', '8_0_1'), ('script_name', 'alarms'), ('job_build_num', '20')])
INFO: <2023-07-21 11:43>  Validating script name alarms
INFO: <2023-07-21 11:43>  Running validate_script([('self', <sai_engine.lib.scraper_utilities.webScraper_utilities object at 0x7f3b28be9ab0>), ('stm_ver', '8_0_1'), ('script_name', 'alarms')])
INFO: <2023-07-21 11:43>  Page Url : /home/amith/sailytics/production_server/sailytics-django/sai_engine/jenkins_logs/8_0_1/20/log_alarms.html
INFO: <2023-07-21 11:43>  Running validate_log_file([('self', <sai_engine.lib.scraper_utilities.webScraper_utilities object at 0x7f3b28be9ab0>), ('full_path', '/home/amith/sailytics/production_server/sailytics-django/sai_engine/jenkins_logs/8_0_1/20/log_alarms.html')])
INFO: <2023-07-21 11:43>  Running check_file_exists([('self', <sai_engine.lib.scraper_utilities.webScraper_utilities object at 0x7f3b28be9ab0>), ('full_path', '/home/amith/sailytics/production_server/sailytics-django/sai_engine/jenkins_logs/8_0_1/20/log_alarms.html')])
ERROR: <2023-07-21 11:43>  Log file , /home/amith/sailytics/production_server/sailytics-django/sai_engine/jenkins_logs/8_0_1/20/log_alarms.html does not exist. Please recheck if file is downloaded
INFO: <2023-07-21 11:43>  Turns out the file [/home/amith/sailytics/production_server/sailytics-django/sai_engine/jenkins_logs/8_0_1/20/log_alarms.html]does not exist...Downloading the files
INFO: <2023-07-21 11:43>  2048
INFO: <2023-07-21 11:43>  Running get_stm_build([('self', <sai_engine.lib.web_scraper_bs4.webScraper object at 0x7f3b28be9f00>), ('stm_version', '8_0_1'), ('script_name', 'alarms'), ('job_build_num', 21), ('log_file_path', '')])
INFO: <2023-07-21 11:43>  Running get_page_url([('self', <sai_engine.lib.scraper_utilities.webScraper_utilities object at 0x7f3b28be9ab0>), ('stm_version', '8_0_1'), ('script_name', 'alarms'), ('job_build_num', '21')])
INFO: <2023-07-21 11:43>  Validating script name alarms
INFO: <2023-07-21 11:43>  Running validate_script([('self', <sai_engine.lib.scraper_utilities.webScraper_utilities object at 0x7f3b28be9ab0>), ('stm_ver', '8_0_1'), ('script_name', 'alarms')])
INFO: <2023-07-21 11:43>  Page Url : /home/amith/sailytics/production_server/sailytics-django/sai_engine/jenkins_logs/8_0_1/21/log_alarms.html
INFO: <2023-07-21 11:43>  Running validate_log_file([('self', <sai_engine.lib.scraper_utilities.webScraper_utilities object at 0x7f3b28be9ab0>), ('full_path', '/home/amith/sailytics/production_server/sailytics-django/sai_engine/jenkins_logs/8_0_1/21/log_alarms.html')])
INFO: <2023-07-21 11:43>  Running check_file_exists([('self', <sai_engine.lib.scraper_utilities.webScraper_utilities object at 0x7f3b28be9ab0>), ('full_path', '/home/amith/sailytics/production_server/sailytics-django/sai_engine/jenkins_logs/8_0_1/21/log_alarms.html')])
ERROR: <2023-07-21 11:43>  Log file , /home/amith/sailytics/production_server/sailytics-django/sai_engine/jenkins_logs/8_0_1/21/log_alarms.html does not exist. Please recheck if file is downloaded
INFO: <2023-07-21 11:43>  Turns out the file [/home/amith/sailytics/production_server/sailytics-django/sai_engine/jenkins_logs/8_0_1/21/log_alarms.html]does not exist...Downloading the files
INFO: <2023-07-21 11:43>  2048
INFO: <2023-07-21 11:43>  Running get_stm_build([('self', <sai_engine.lib.web_scraper_bs4.webScraper object at 0x7f3b28be9f00>), ('stm_version', '8_0_1'), ('script_name', 'alarms'), ('job_build_num', 22), ('log_file_path', '')])
INFO: <2023-07-21 11:43>  Running get_page_url([('self', <sai_engine.lib.scraper_utilities.webScraper_utilities object at 0x7f3b28be9ab0>), ('stm_version', '8_0_1'), ('script_name', 'alarms'), ('job_build_num', '22')])
INFO: <2023-07-21 11:43>  Validating script name alarms
INFO: <2023-07-21 11:43>  Running validate_script([('self', <sai_engine.lib.scraper_utilities.webScraper_utilities object at 0x7f3b28be9ab0>), ('stm_ver', '8_0_1'), ('script_name', 'alarms')])
INFO: <2023-07-21 11:43>  Page Url : /home/amith/sailytics/production_server/sailytics-django/sai_engine/jenkins_logs/8_0_1/22/log_alarms.html
INFO: <2023-07-21 11:43>  Running validate_log_file([('self', <sai_engine.lib.scraper_utilities.webScraper_utilities object at 0x7f3b28be9ab0>), ('full_path', '/home/amith/sailytics/production_server/sailytics-django/sai_engine/jenkins_logs/8_0_1/22/log_alarms.html')])
INFO: <2023-07-21 11:43>  Running check_file_exists([('self', <sai_engine.lib.scraper_utilities.webScraper_utilities object at 0x7f3b28be9ab0>), ('full_path', '/home/amith/sailytics/production_server/sailytics-django/sai_engine/jenkins_logs/8_0_1/22/log_alarms.html')])
ERROR: <2023-07-21 11:43>  Log file , /home/amith/sailytics/production_server/sailytics-django/sai_engine/jenkins_logs/8_0_1/22/log_alarms.html does not exist. Please recheck if file is downloaded
INFO: <2023-07-21 11:43>  Turns out the file [/home/amith/sailytics/production_server/sailytics-django/sai_engine/jenkins_logs/8_0_1/22/log_alarms.html]does not exist...Downloading the files
INFO: <2023-07-21 11:43>  2048
INFO: <2023-07-21 11:43>  Running get_stm_build([('self', <sai_engine.lib.web_scraper_bs4.webScraper object at 0x7f3b28be9f00>), ('stm_version', '8_0_1'), ('script_name', 'alarms'), ('job_build_num', 23), ('log_file_path', '')])
INFO: <2023-07-21 11:43>  Running get_page_url([('self', <sai_engine.lib.scraper_utilities.webScraper_utilities object at 0x7f3b28be9ab0>), ('stm_version', '8_0_1'), ('script_name', 'alarms'), ('job_build_num', '23')])
INFO: <2023-07-21 11:43>  Validating script name alarms
INFO: <2023-07-21 11:43>  Running validate_script([('self', <sai_engine.lib.scraper_utilities.webScraper_utilities object at 0x7f3b28be9ab0>), ('stm_ver', '8_0_1'), ('script_name', 'alarms')])
INFO: <2023-07-21 11:43>  Page Url : /home/amith/sailytics/production_server/sailytics-django/sai_engine/jenkins_logs/8_0_1/23/log_alarms.html
INFO: <2023-07-21 11:43>  Running validate_log_file([('self', <sai_engine.lib.scraper_utilities.webScraper_utilities object at 0x7f3b28be9ab0>), ('full_path', '/home/amith/sailytics/production_server/sailytics-django/sai_engine/jenkins_logs/8_0_1/23/log_alarms.html')])
INFO: <2023-07-21 11:43>  Running check_file_exists([('self', <sai_engine.lib.scraper_utilities.webScraper_utilities object at 0x7f3b28be9ab0>), ('full_path', '/home/amith/sailytics/production_server/sailytics-django/sai_engine/jenkins_logs/8_0_1/23/log_alarms.html')])
ERROR: <2023-07-21 11:43>  Log file , /home/amith/sailytics/production_server/sailytics-django/sai_engine/jenkins_logs/8_0_1/23/log_alarms.html does not exist. Please recheck if file is downloaded
INFO: <2023-07-21 11:43>  Turns out the file [/home/amith/sailytics/production_server/sailytics-django/sai_engine/jenkins_logs/8_0_1/23/log_alarms.html]does not exist...Downloading the files
INFO: <2023-07-21 11:43>  2048
INFO: <2023-07-21 11:43>  Running stm_build_statistics([('self', <sai_engine.lib.web_scraper_bs4.webScraper object at 0x7f3b28bbd240>), ('stm_version', 'img'), ('stm_build', 'grid.png')])
INFO: <2023-07-21 11:43>  No Jenkins job mapping found for stm build grid.png
