INFO: <2023-07-23 07:11>  Running stm_build_statistics([('self', <sai_engine.lib.web_scraper_bs4.webScraper object at 0x7fba7f338970>), ('stm_version', 'v8_0_1'), ('stm_build', '11532')])
INFO: <2023-07-23 07:11>  No Jenkins job mapping found for stm build 11532
INFO: <2023-07-23 07:11>  Running stm_build_statistics([('self', <sai_engine.lib.web_scraper_bs4.webScraper object at 0x7fba7fbfae60>), ('stm_version', '8_0_1'), ('stm_build', '11532')])
INFO: <2023-07-23 07:11>  No Jenkins job mapping found for stm build 11532
INFO: <2023-07-23 07:11>  Running get_stm_build([('self', <sai_engine.lib.web_scraper_bs4.webScraper object at 0x7fba7fbfae60>), ('stm_version', '8_0_1'), ('script_name', 'alarms'), ('job_build_num', 2), ('log_file_path', '')])
INFO: <2023-07-23 07:11>  Running get_stm_build([('self', <sai_engine.lib.web_scraper_bs4.webScraper object at 0x7fba7fbfae60>), ('stm_version', '8_0_1'), ('script_name', 'alarms'), ('job_build_num', 4), ('log_file_path', '')])
INFO: <2023-07-23 07:11>  Running get_stm_build([('self', <sai_engine.lib.web_scraper_bs4.webScraper object at 0x7fba7fbfae60>), ('stm_version', '8_0_1'), ('script_name', 'alarms'), ('job_build_num', 5), ('log_file_path', '')])
INFO: <2023-07-23 07:11>  Running get_stm_build([('self', <sai_engine.lib.web_scraper_bs4.webScraper object at 0x7fba7fbfae60>), ('stm_version', '8_0_1'), ('script_name', 'alarms'), ('job_build_num', 6), ('log_file_path', '')])
INFO: <2023-07-23 07:11>  Running get_stm_build([('self', <sai_engine.lib.web_scraper_bs4.webScraper object at 0x7fba7fbfae60>), ('stm_version', '8_0_1'), ('script_name', 'alarms'), ('job_build_num', 7), ('log_file_path', '')])
INFO: <2023-07-23 07:11>  Running get_stm_build([('self', <sai_engine.lib.web_scraper_bs4.webScraper object at 0x7fba7fbfae60>), ('stm_version', '8_0_1'), ('script_name', 'alarms'), ('job_build_num', 8), ('log_file_path', '')])
INFO: <2023-07-23 07:11>  Running get_stm_build([('self', <sai_engine.lib.web_scraper_bs4.webScraper object at 0x7fba7fbfae60>), ('stm_version', '8_0_1'), ('script_name', 'alarms'), ('job_build_num', 9), ('log_file_path', '')])
INFO: <2023-07-23 07:11>  Running get_stm_build([('self', <sai_engine.lib.web_scraper_bs4.webScraper object at 0x7fba7fbfae60>), ('stm_version', '8_0_1'), ('script_name', 'alarms'), ('job_build_num', 10), ('log_file_path', '')])
INFO: <2023-07-23 07:11>  Running get_stm_build([('self', <sai_engine.lib.web_scraper_bs4.webScraper object at 0x7fba7fbfae60>), ('stm_version', '8_0_1'), ('script_name', 'alarms'), ('job_build_num', 11), ('log_file_path', '')])
INFO: <2023-07-23 07:11>  Running get_stm_build([('self', <sai_engine.lib.web_scraper_bs4.webScraper object at 0x7fba7fbfae60>), ('stm_version', '8_0_1'), ('script_name', 'alarms'), ('job_build_num', 12), ('log_file_path', '')])
INFO: <2023-07-23 07:11>  Running get_stm_build([('self', <sai_engine.lib.web_scraper_bs4.webScraper object at 0x7fba7fbfae60>), ('stm_version', '8_0_1'), ('script_name', 'alarms'), ('job_build_num', 13), ('log_file_path', '')])
INFO: <2023-07-23 07:11>  Running get_stm_build([('self', <sai_engine.lib.web_scraper_bs4.webScraper object at 0x7fba7fbfae60>), ('stm_version', '8_0_1'), ('script_name', 'alarms'), ('job_build_num', 14), ('log_file_path', '')])
INFO: <2023-07-23 07:11>  Running get_stm_build([('self', <sai_engine.lib.web_scraper_bs4.webScraper object at 0x7fba7fbfae60>), ('stm_version', '8_0_1'), ('script_name', 'alarms'), ('job_build_num', 15), ('log_file_path', '')])
INFO: <2023-07-23 07:11>  Running get_stm_build([('self', <sai_engine.lib.web_scraper_bs4.webScraper object at 0x7fba7fbfae60>), ('stm_version', '8_0_1'), ('script_name', 'alarms'), ('job_build_num', 16), ('log_file_path', '')])
INFO: <2023-07-23 07:11>  Running get_stm_build([('self', <sai_engine.lib.web_scraper_bs4.webScraper object at 0x7fba7fbfae60>), ('stm_version', '8_0_1'), ('script_name', 'alarms'), ('job_build_num', 17), ('log_file_path', '')])
INFO: <2023-07-23 07:11>  Running get_stm_build([('self', <sai_engine.lib.web_scraper_bs4.webScraper object at 0x7fba7fbfae60>), ('stm_version', '8_0_1'), ('script_name', 'alarms'), ('job_build_num', 18), ('log_file_path', '')])
INFO: <2023-07-23 07:11>  Running get_stm_build([('self', <sai_engine.lib.web_scraper_bs4.webScraper object at 0x7fba7fbfae60>), ('stm_version', '8_0_1'), ('script_name', 'alarms'), ('job_build_num', 19), ('log_file_path', '')])
INFO: <2023-07-23 07:11>  Running get_stm_build([('self', <sai_engine.lib.web_scraper_bs4.webScraper object at 0x7fba7fbfae60>), ('stm_version', '8_0_1'), ('script_name', 'alarms'), ('job_build_num', 20), ('log_file_path', '')])
INFO: <2023-07-23 07:11>  Running get_stm_build([('self', <sai_engine.lib.web_scraper_bs4.webScraper object at 0x7fba7fbfae60>), ('stm_version', '8_0_1'), ('script_name', 'alarms'), ('job_build_num', 21), ('log_file_path', '')])
INFO: <2023-07-23 07:11>  Running get_stm_build([('self', <sai_engine.lib.web_scraper_bs4.webScraper object at 0x7fba7fbfae60>), ('stm_version', '8_0_1'), ('script_name', 'alarms'), ('job_build_num', 22), ('log_file_path', '')])
INFO: <2023-07-23 07:11>  Running get_stm_build([('self', <sai_engine.lib.web_scraper_bs4.webScraper object at 0x7fba7fbfae60>), ('stm_version', '8_0_1'), ('script_name', 'alarms'), ('job_build_num', 23), ('log_file_path', '')])
INFO: <2023-07-23 07:11>  Running get_stm_build([('self', <sai_engine.lib.web_scraper_bs4.webScraper object at 0x7fba7fbfae60>), ('stm_version', '8_0_1'), ('script_name', 'alarms'), ('job_build_num', 24), ('log_file_path', '')])
INFO: <2023-07-23 07:11>  Running get_page_url([('self', <sai_engine.lib.scraper_utilities.webScraper_utilities object at 0x7fba7fbfa8c0>), ('stm_version', '8_0_1'), ('script_name', 'alarms'), ('job_build_num', '24')])
INFO: <2023-07-23 07:11>  Validating script name alarms
INFO: <2023-07-23 07:11>  Running validate_script([('self', <sai_engine.lib.scraper_utilities.webScraper_utilities object at 0x7fba7fbfa8c0>), ('stm_ver', '8_0_1'), ('script_name', 'alarms')])
INFO: <2023-07-23 07:11>  Page Url : /home/amith/sailytics/production_server/sailytics-django/sai_engine/jenkins_logs/8_0_1/24/log_alarms.html
INFO: <2023-07-23 07:11>  Running validate_log_file([('self', <sai_engine.lib.scraper_utilities.webScraper_utilities object at 0x7fba7fbfa8c0>), ('full_path', '/home/amith/sailytics/production_server/sailytics-django/sai_engine/jenkins_logs/8_0_1/24/log_alarms.html')])
INFO: <2023-07-23 07:11>  Running check_file_exists([('self', <sai_engine.lib.scraper_utilities.webScraper_utilities object at 0x7fba7fbfa8c0>), ('full_path', '/home/amith/sailytics/production_server/sailytics-django/sai_engine/jenkins_logs/8_0_1/24/log_alarms.html')])
ERROR: <2023-07-23 07:11>  Log file , /home/amith/sailytics/production_server/sailytics-django/sai_engine/jenkins_logs/8_0_1/24/log_alarms.html does not exist. Please recheck if file is downloaded
INFO: <2023-07-23 07:11>  [0, 0]
INFO: <2023-07-23 07:11>  Page url to be scraped /home/amith/sailytics/production_server/sailytics-django/sai_engine/jenkins_logs/8_0_1/24/log_alarms.html
INFO: <2023-07-23 07:11>  Running get_webdriver([('self', <sai_engine.lib.scraper_utilities.webScraper_utilities object at 0x7fba7fbfa8c0>), ('url', '/home/amith/sailytics/production_server/sailytics-django/sai_engine/jenkins_logs/8_0_1/24/log_alarms.html')])
INFO: <2023-07-23 07:11>  Running click_element([('self', <sai_engine.lib.scraper_utilities.webScraper_utilities object at 0x7fba7fbfa8c0>), ('driver', <selenium.webdriver.chrome.webdriver.WebDriver (session="d26cc653c019edfb6debbe30f9786a0c")>), ('element_locator_type', 'CLASS_NAME'), ('value', 'element-header-right')])
INFO: <2023-07-23 07:11>  Element clicked <div class="element-header-right" onclick="stopPropagation(event)" title="">         <a class="expand" title="Expand all" href="javascript:expandAll('s1')"></a>         <a class="collapse" title="Collapse all" href="javascript:collapseAll('s1')"></a>         <a class="link" title="Link to this suite" href="#s1" onclick="makeElementVisible('s1')"></a>       </div>
INFO: <2023-07-23 07:11>  Running click_element([('self', <sai_engine.lib.scraper_utilities.webScraper_utilities object at 0x7fba7fbfa8c0>), ('driver', <selenium.webdriver.chrome.webdriver.WebDriver (session="d26cc653c019edfb6debbe30f9786a0c")>), ('element_locator_type', 'CSS_SELECTOR'), ('value', '#s1 > div:nth-child(1) > div:nth-child(2) > a:nth-child(1)')])
INFO: <2023-07-23 07:11>  Element clicked <a class="expand" title="Expand all" href="javascript:expandAll('s1')"></a>
INFO: <2023-07-23 07:11>  data captured : ['--Node IPERF1', "--Params {'username': 'qauser1', 'platform': 'iperf3', 'vendor': 'saisei', 'name': 'IPERF1', 'ip': '10.1.11.106', 'model': 'R430', 'password': 'test', 'port': 5029, 'sw_ver': '9602', 'test_cfg': ''}", '+++++++++++++++++++++++++++++++++++++++', "REST REQUEST: curl -k -u admin:FlowCommand#1 -H {'Content-Type': 'application/json', 'Accept': 'application/json'} -d {} -X get https://10.1.11.80:5029/rest/top/configurations/running?select=build_version", 'STM Software Version - V8.0.1-12275 built Jul 20 2023 07:37:08 from changeset 566764231791', '+++++++++++++++++++++++++++++++++++++++', 'Testbed - None', "{'CLIENT': {'esxivm': 'testbed80_bread_10_1_11_81_vmnic5',\n            'ip': '10.1.11.81',\n            'name': 'CLIENT',\n            'platform': 'iperf3',\n            'ports': {'if1': {'interface': 'eth1'}},\n            'username': 'qauser1'},\n 'CLIENT2': {'esxivm': 'testbed80_bread_10_1_11_83_vmnic7',\n             'ip': '10.1.11.83',\n             'name': 'CLIENT2',\n             'platform': 'iperf3',\n             'ports': {'if1': {'interface': 'eth1'}},\n             'username': 'qauser1'},\n 'ESXI': {'ip': '10.1.8.76',\n          'name': 'ESXI',\n          'password': 'saisei!123',\n          'platform': 'esxi',\n          'ports': {'if1': {'interface': 'vmnic5'},\n                    'if2': {'interface': 'vmnic6'},\n                    'if3': {'interface': 'vmnic7'},\n                    'if4': {'interface': 'vmnic8'}},\n          'username': 'root'},\n 'SERVER': {'esxivm': 'testbed80_bread_10_1_11_82_vmnic6',\n            'ip': '10.1.11.82',\n            'name': 'SERVER',\n            'platform': 'iperf3',\n            'ports': {'if1': {'interface': 'eth1'}},\n            'username': 'qauser1'},\n 'SERVER2': {'esxivm': 'testbed80_bread_10_1_11_84_vmnic8',\n             'ip': '10.1.11.84',\n             'name': 'SERVER2',\n             'platform': 'iperf3',\n             'ports': {'if1': {'interface': 'eth1'}},\n             'username': 'qauser1'},\n 'STM': {'bumps': {'bump1': {'ext_lag': 'extlag',\n                             'external': 'if2',\n                             'int_lag': 'intlag',\n                             'internal': 'if1',\n                             'rate': 1000000,\n                             'type': 'eth',\n                             'vlan': 'any'},\n                   'bump2': {'ext_lag': 'extlag',\n                             'external': 'if4',\n                             'int_lag': 'intlag',\n                             'internal': 'if3',\n                             'rate': 1000000,\n                             'type': 'eth',\n                             'vlan': 'any'}},\n         'ip': '10.1.11.80',\n         'model': 'small',\n         'name': 'STM',\n         'password': 'saisei',\n         'platform': 'stm',\n         'ports': {'if1': {'connected_to': 'SERVER',\n                           'interface': 'stm2',\n                           'link_speed': '1000000'},\n                   'if2': {'connected_to': 'CLIENT',\n                           'interface': 'stm3',\n                           'link_speed': '1000000'},\n                   'if3': {'connected_to': 'SERVER2',\n                           'interface': 'stm4',\n                           'link_speed': '1000000'},\n                   'if4': {'connected_to': 'CLIENT2',\n                           'interface': 'stm5',\n                           'link_speed': '1000000'}},\n         'stmpassword': 'FlowCommand#1',\n         'stmusername': 'admin',\n         'type': 'baremetel',\n         'username': 'saisei'}}"]
INFO: <2023-07-23 07:11>  STM version captured: STM Software Version - V8.0.1-12275 built Jul 20 2023 07:37:08 from changeset 566764231791
INFO: <2023-07-23 07:11>  STM_BUILD_NUMBER  : 12275
