INFO: <2023-08-02 21:15>  Running get_scripts_test_info([('self', <sai_engine.lib.web_scraper_bs4.webScraper object at 0x7f444b049b40>), ('stm_version', '7_3_1'), ('stm_build', '11566'), ('scripts', [])])
INFO: <2023-08-02 21:15>  Running get_webdriver([('self', <sai_engine.lib.web_scraper_bs4.webScraper object at 0x7f444b049b40>), ('url', '/home/amith/sailytics/production_server/sai_engine/sai_engine/jenkins_logs/7_3_1/13/consolidated_report.html')])
INFO: <2023-08-02 21:15>  Running click_element([('self', <sai_engine.lib.web_scraper_bs4.webScraper object at 0x7f444b049b40>), ('driver', <selenium.webdriver.chrome.webdriver.WebDriver (session="3ffb0bab2115d2a1e4530096c5101f5e")>), ('element_locator_type', 'LINK_TEXT'), ('value', 'ConOut . Alarms')])
INFO: <2023-08-02 21:15>  Element clicked <a href="#suites?s1-s1"><span class="parent-name">ConOut . </span>Alarms</a>
INFO: <2023-08-02 21:15>  Got the testcase failure details of: Alarms
INFO: <2023-08-02 21:15>  Running click_element([('self', <sai_engine.lib.web_scraper_bs4.webScraper object at 0x7f444b049b40>), ('driver', <selenium.webdriver.chrome.webdriver.WebDriver (session="3ffb0bab2115d2a1e4530096c5101f5e")>), ('element_locator_type', 'LINK_TEXT'), ('value', 'ConOut . Accesspoints')])
INFO: <2023-08-02 21:15>  Element clicked <a href="#suites?s1-s2"><span class="parent-name">ConOut . </span>Accesspoints</a>
INFO: <2023-08-02 21:15>  Got the testcase failure details of: Accesspoints
INFO: <2023-08-02 21:15>  Running click_element([('self', <sai_engine.lib.web_scraper_bs4.webScraper object at 0x7f444b049b40>), ('driver', <selenium.webdriver.chrome.webdriver.WebDriver (session="3ffb0bab2115d2a1e4530096c5101f5e")>), ('element_locator_type', 'LINK_TEXT'), ('value', 'ConOut . Accesspoint-Policies-Cirmir')])
INFO: <2023-08-02 21:15>  Element clicked <a href="#suites?s1-s3"><span class="parent-name">ConOut . </span>Accesspoint-Policies-Cirmir</a>
INFO: <2023-08-02 21:15>  Got the testcase failure details of: Accesspoint-Policies-Cirmir
INFO: <2023-08-02 21:15>  Running click_element([('self', <sai_engine.lib.web_scraper_bs4.webScraper object at 0x7f444b049b40>), ('driver', <selenium.webdriver.chrome.webdriver.WebDriver (session="3ffb0bab2115d2a1e4530096c5101f5e")>), ('element_locator_type', 'LINK_TEXT'), ('value', 'ConOut . Application Detection')])
INFO: <2023-08-02 21:15>  Element clicked <a href="#suites?s1-s4"><span class="parent-name">ConOut . </span>Application Detection</a>
INFO: <2023-08-02 21:15>  Got the testcase failure details of: Application Detection
INFO: <2023-08-02 21:15>  Running click_element([('self', <sai_engine.lib.web_scraper_bs4.webScraper object at 0x7f444b049b40>), ('driver', <selenium.webdriver.chrome.webdriver.WebDriver (session="3ffb0bab2115d2a1e4530096c5101f5e")>), ('element_locator_type', 'LINK_TEXT'), ('value', 'ConOut . Applications Policy 7 3 1')])
INFO: <2023-08-02 21:15>  Element clicked <a href="#suites?s1-s5"><span class="parent-name">ConOut . </span>Applications Policy 7 3 1</a>
INFO: <2023-08-02 21:15>  Got the testcase failure details of: Applications Policy 7 3 1
INFO: <2023-08-02 21:15>  Running click_element([('self', <sai_engine.lib.web_scraper_bs4.webScraper object at 0x7f444b049b40>), ('driver', <selenium.webdriver.chrome.webdriver.WebDriver (session="3ffb0bab2115d2a1e4530096c5101f5e")>), ('element_locator_type', 'LINK_TEXT'), ('value', 'ConOut . Burstbw')])
INFO: <2023-08-02 21:15>  Element clicked <a href="#suites?s1-s6"><span class="parent-name">ConOut . </span>Burstbw</a>
INFO: <2023-08-02 21:15>  Got the testcase failure details of: Burstbw
INFO: <2023-08-02 21:15>  Running click_element([('self', <sai_engine.lib.web_scraper_bs4.webScraper object at 0x7f444b049b40>), ('driver', <selenium.webdriver.chrome.webdriver.WebDriver (session="3ffb0bab2115d2a1e4530096c5101f5e")>), ('element_locator_type', 'LINK_TEXT'), ('value', 'ConOut . Bypass')])
INFO: <2023-08-02 21:15>  Element clicked <a href="#suites?s1-s7"><span class="parent-name">ConOut . </span>Bypass</a>
INFO: <2023-08-02 21:15>  Got the testcase failure details of: Bypass
INFO: <2023-08-02 21:15>  Running click_element([('self', <sai_engine.lib.web_scraper_bs4.webScraper object at 0x7f444b049b40>), ('driver', <selenium.webdriver.chrome.webdriver.WebDriver (session="3ffb0bab2115d2a1e4530096c5101f5e")>), ('element_locator_type', 'LINK_TEXT'), ('value', 'ConOut . Cirmir')])
INFO: <2023-08-02 21:15>  Element clicked <a href="#suites?s1-s8"><span class="parent-name">ConOut . </span>Cirmir</a>
INFO: <2023-08-02 21:15>  Got the testcase failure details of: Cirmir
INFO: <2023-08-02 21:15>  Running click_element([('self', <sai_engine.lib.web_scraper_bs4.webScraper object at 0x7f444b049b40>), ('driver', <selenium.webdriver.chrome.webdriver.WebDriver (session="3ffb0bab2115d2a1e4530096c5101f5e")>), ('element_locator_type', 'LINK_TEXT'), ('value', 'ConOut . Dhcp')])
INFO: <2023-08-02 21:15>  Element clicked <a href="#suites?s1-s9"><span class="parent-name">ConOut . </span>Dhcp</a>
INFO: <2023-08-02 21:15>  Got the testcase failure details of: Dhcp
INFO: <2023-08-02 21:15>  Running click_element([('self', <sai_engine.lib.web_scraper_bs4.webScraper object at 0x7f444b049b40>), ('driver', <selenium.webdriver.chrome.webdriver.WebDriver (session="3ffb0bab2115d2a1e4530096c5101f5e")>), ('element_locator_type', 'LINK_TEXT'), ('value', 'ConOut . Dualbump')])
INFO: <2023-08-02 21:15>  Element clicked <a href="#suites?s1-s10"><span class="parent-name">ConOut . </span>Dualbump</a>
INFO: <2023-08-02 21:15>  Got the testcase failure details of: Dualbump
INFO: <2023-08-02 21:15>  Running click_element([('self', <sai_engine.lib.web_scraper_bs4.webScraper object at 0x7f444b049b40>), ('driver', <selenium.webdriver.chrome.webdriver.WebDriver (session="3ffb0bab2115d2a1e4530096c5101f5e")>), ('element_locator_type', 'LINK_TEXT'), ('value', 'ConOut . Encap Types')])
INFO: <2023-08-02 21:15>  Element clicked <a href="#suites?s1-s11"><span class="parent-name">ConOut . </span>Encap Types</a>
INFO: <2023-08-02 21:15>  Got the testcase failure details of: Encap Types
INFO: <2023-08-02 21:15>  Running click_element([('self', <sai_engine.lib.web_scraper_bs4.webScraper object at 0x7f444b049b40>), ('driver', <selenium.webdriver.chrome.webdriver.WebDriver (session="3ffb0bab2115d2a1e4530096c5101f5e")>), ('element_locator_type', 'LINK_TEXT'), ('value', 'ConOut . Hostrate Flow Rate Cap')])
INFO: <2023-08-02 21:15>  Element clicked <a href="#suites?s1-s12"><span class="parent-name">ConOut . </span>Hostrate Flow Rate Cap</a>
INFO: <2023-08-02 21:15>  Got the testcase failure details of: Hostrate Flow Rate Cap
INFO: <2023-08-02 21:15>  Running click_element([('self', <sai_engine.lib.web_scraper_bs4.webScraper object at 0x7f444b049b40>), ('driver', <selenium.webdriver.chrome.webdriver.WebDriver (session="3ffb0bab2115d2a1e4530096c5101f5e")>), ('element_locator_type', 'LINK_TEXT'), ('value', 'ConOut . Geolocations')])
INFO: <2023-08-02 21:15>  Element clicked <a href="#suites?s1-s13"><span class="parent-name">ConOut . </span>Geolocations</a>
INFO: <2023-08-02 21:15>  Got the testcase failure details of: Geolocations
INFO: <2023-08-02 21:15>  Running click_element([('self', <sai_engine.lib.web_scraper_bs4.webScraper object at 0x7f444b049b40>), ('driver', <selenium.webdriver.chrome.webdriver.WebDriver (session="3ffb0bab2115d2a1e4530096c5101f5e")>), ('element_locator_type', 'LINK_TEXT'), ('value', 'ConOut . Gui Tests 7 3 1')])
INFO: <2023-08-02 21:15>  Element clicked <a href="#suites?s1-s14"><span class="parent-name">ConOut . </span>Gui Tests 7 3 1</a>
